[
  {
    "line": 1,
    "elements": [
      {
        "start_timestamp": "2021-11-17T17:34:56.900Z",
        "before": [
          {
            "result": {
              "duration": 3693626300,
              "status": "passed"
            },
            "match": {
              "location": "com.stepdef.SignUpAndLogin.init()"
            }
          }
        ],
        "line": 2,
        "name": "Registration",
        "description": "",
        "id": "register-and-login;registration",
        "type": "scenario",
        "keyword": "Scenario",
        "steps": [
          {
            "result": {
              "duration": 7496191400,
              "status": "passed"
            },
            "line": 3,
            "name": "User is at the default page",
            "match": {
              "location": "com.stepdef.SignUpAndLogin.user_is_at_the_default_page()"
            },
            "keyword": "Given "
          },
          {
            "result": {
              "duration": 135030600,
              "status": "passed"
            },
            "line": 4,
            "name": "User navigate to Sign Up page",
            "match": {
              "location": "com.stepdef.SignUpAndLogin.user_navigate_to_sign_up_page()"
            },
            "keyword": "When "
          },
          {
            "result": {
              "error_message": "org.openqa.selenium.StaleElementReferenceException: stale element reference: element is not attached to the page document\n  (Session info: chrome\u003d95.0.4638.69)\nFor documentation on this error, please visit: https://www.seleniumhq.org/exceptions/stale_element_reference.html\nBuild info: version: \u00273.141.59\u0027, revision: \u0027e82be7d358\u0027, time: \u00272018-11-14T08:17:03\u0027\nSystem info: host: \u0027LIN87000116\u0027, ip: \u0027192.168.1.5\u0027, os.name: \u0027Windows 10\u0027, os.arch: \u0027amd64\u0027, os.version: \u002710.0\u0027, java.version: \u002716.0.2\u0027\nDriver info: org.openqa.selenium.chrome.ChromeDriver\nCapabilities {acceptInsecureCerts: false, browserName: chrome, browserVersion: 95.0.4638.69, chrome: {chromedriverVersion: 95.0.4638.17 (a9d0719444d4b..., userDataDir: C:\\Users\\MKESARWA\\AppData\\L...}, goog:chromeOptions: {debuggerAddress: localhost:51161}, javascriptEnabled: true, networkConnectionEnabled: false, pageLoadStrategy: normal, platform: WINDOWS, platformName: WINDOWS, proxy: Proxy(), setWindowRect: true, strictFileInteractability: false, timeouts: {implicit: 0, pageLoad: 300000, script: 30000}, unhandledPromptBehavior: dismiss and notify, webauthn:extension:credBlob: true, webauthn:extension:largeBlob: true, webauthn:virtualAuthenticators: true}\nSession ID: 4eb70921bcdaf9feb2be26d3149b30bb\r\n\tat java.base/jdk.internal.reflect.NativeConstructorAccessorImpl.newInstance0(Native Method)\r\n\tat java.base/jdk.internal.reflect.NativeConstructorAccessorImpl.newInstance(NativeConstructorAccessorImpl.java:78)\r\n\tat java.base/jdk.internal.reflect.DelegatingConstructorAccessorImpl.newInstance(DelegatingConstructorAccessorImpl.java:45)\r\n\tat java.base/java.lang.reflect.Constructor.newInstanceWithCaller(Constructor.java:499)\r\n\tat java.base/java.lang.reflect.Constructor.newInstance(Constructor.java:480)\r\n\tat org.openqa.selenium.remote.http.W3CHttpResponseCodec.createException(W3CHttpResponseCodec.java:187)\r\n\tat org.openqa.selenium.remote.http.W3CHttpResponseCodec.decode(W3CHttpResponseCodec.java:122)\r\n\tat org.openqa.selenium.remote.http.W3CHttpResponseCodec.decode(W3CHttpResponseCodec.java:49)\r\n\tat org.openqa.selenium.remote.HttpCommandExecutor.execute(HttpCommandExecutor.java:158)\r\n\tat org.openqa.selenium.remote.service.DriverCommandExecutor.execute(DriverCommandExecutor.java:83)\r\n\tat org.openqa.selenium.remote.RemoteWebDriver.execute(RemoteWebDriver.java:552)\r\n\tat org.openqa.selenium.remote.RemoteWebElement.execute(RemoteWebElement.java:285)\r\n\tat org.openqa.selenium.remote.RemoteWebElement.click(RemoteWebElement.java:84)\r\n\tat com.stepdef.SignUpAndLogin.user_clicks_on_sign_up(SignUpAndLogin.java:41)\r\n\tat ✽.user clicks on sign up(file:///C:/Users/MKESARWA/eclipse-workspace/SeleniumTraining/assignment14/features/SignUp%20and%20Login.feature:5)\r\n",
              "duration": 4912113700,
              "status": "failed"
            },
            "line": 5,
            "name": "user clicks on sign up",
            "match": {
              "location": "com.stepdef.SignUpAndLogin.user_clicks_on_sign_up()"
            },
            "keyword": "And "
          },
          {
            "result": {
              "status": "skipped"
            },
            "line": 6,
            "name": "user enter the required input",
            "match": {
              "location": "com.stepdef.SignUpAndLogin.user_enter_the_required_input()"
            },
            "keyword": "And "
          },
          {
            "result": {
              "duration": 983400,
              "status": "skipped"
            },
            "line": 7,
            "name": "user wait to enter otp",
            "match": {
              "location": "com.stepdef.SignUpAndLogin.user_wait_to_enter_otp()"
            },
            "keyword": "And "
          },
          {
            "result": {
              "status": "skipped"
            },
            "line": 8,
            "name": "user is on Home page an logged in",
            "match": {
              "location": "com.stepdef.SignUpAndLogin.user_is_on_home_page_an_logged_in()"
            },
            "keyword": "Then "
          },
          {
            "result": {
              "duration": 1001400,
              "status": "skipped"
            },
            "line": 9,
            "name": "user is Signing out",
            "match": {
              "location": "com.stepdef.SignUpAndLogin.user_is_signing_out()"
            },
            "keyword": "And "
          }
        ]
      },
      {
        "start_timestamp": "2021-11-17T17:35:13.309Z",
        "before": [
          {
            "result": {
              "duration": 2403971400,
              "status": "passed"
            },
            "match": {
              "location": "com.stepdef.SignUpAndLogin.init()"
            }
          }
        ],
        "line": 11,
        "name": "Positive login with new user",
        "description": "",
        "id": "register-and-login;positive-login-with-new-user",
        "type": "scenario",
        "keyword": "Scenario Outline",
        "steps": [
          {
            "result": {
              "error_message": "org.openqa.selenium.WebDriverException: unknown error: cannot determine loading status\nfrom disconnected: received Inspector.detached event\n  (Session info: chrome\u003d95.0.4638.69)\nBuild info: version: \u00273.141.59\u0027, revision: \u0027e82be7d358\u0027, time: \u00272018-11-14T08:17:03\u0027\nSystem info: host: \u0027LIN87000116\u0027, ip: \u0027192.168.1.5\u0027, os.name: \u0027Windows 10\u0027, os.arch: \u0027amd64\u0027, os.version: \u002710.0\u0027, java.version: \u002716.0.2\u0027\nDriver info: org.openqa.selenium.chrome.ChromeDriver\nCapabilities {acceptInsecureCerts: false, browserName: chrome, browserVersion: 95.0.4638.69, chrome: {chromedriverVersion: 95.0.4638.17 (a9d0719444d4b..., userDataDir: C:\\Users\\MKESARWA\\AppData\\L...}, goog:chromeOptions: {debuggerAddress: localhost:51326}, javascriptEnabled: true, networkConnectionEnabled: false, pageLoadStrategy: normal, platform: WINDOWS, platformName: WINDOWS, proxy: Proxy(), setWindowRect: true, strictFileInteractability: false, timeouts: {implicit: 0, pageLoad: 300000, script: 30000}, unhandledPromptBehavior: dismiss and notify, webauthn:extension:credBlob: true, webauthn:extension:largeBlob: true, webauthn:virtualAuthenticators: true}\nSession ID: 78a4783ab2684bc847c3b5b001634813\r\n\tat java.base/jdk.internal.reflect.NativeConstructorAccessorImpl.newInstance0(Native Method)\r\n\tat java.base/jdk.internal.reflect.NativeConstructorAccessorImpl.newInstance(NativeConstructorAccessorImpl.java:78)\r\n\tat java.base/jdk.internal.reflect.DelegatingConstructorAccessorImpl.newInstance(DelegatingConstructorAccessorImpl.java:45)\r\n\tat java.base/java.lang.reflect.Constructor.newInstanceWithCaller(Constructor.java:499)\r\n\tat java.base/java.lang.reflect.Constructor.newInstance(Constructor.java:480)\r\n\tat org.openqa.selenium.remote.http.W3CHttpResponseCodec.createException(W3CHttpResponseCodec.java:187)\r\n\tat org.openqa.selenium.remote.http.W3CHttpResponseCodec.decode(W3CHttpResponseCodec.java:122)\r\n\tat org.openqa.selenium.remote.http.W3CHttpResponseCodec.decode(W3CHttpResponseCodec.java:49)\r\n\tat org.openqa.selenium.remote.HttpCommandExecutor.execute(HttpCommandExecutor.java:158)\r\n\tat org.openqa.selenium.remote.service.DriverCommandExecutor.execute(DriverCommandExecutor.java:83)\r\n\tat org.openqa.selenium.remote.RemoteWebDriver.execute(RemoteWebDriver.java:552)\r\n\tat org.openqa.selenium.remote.RemoteWebDriver.get(RemoteWebDriver.java:277)\r\n\tat com.stepdef.SignUpAndLogin.user_is_at_the_default_page(SignUpAndLogin.java:32)\r\n\tat ✽.User is at the default page(file:///C:/Users/MKESARWA/eclipse-workspace/SeleniumTraining/assignment14/features/SignUp%20and%20Login.feature:12)\r\n",
              "duration": 1928802500,
              "status": "failed"
            },
            "line": 12,
            "name": "User is at the default page",
            "match": {
              "location": "com.stepdef.SignUpAndLogin.user_is_at_the_default_page()"
            },
            "keyword": "Given "
          },
          {
            "result": {
              "status": "skipped"
            },
            "line": 13,
            "name": "User navigate to Sign Up page",
            "match": {
              "location": "com.stepdef.SignUpAndLogin.user_navigate_to_sign_up_page()"
            },
            "keyword": "When "
          },
          {
            "result": {
              "duration": 1000500,
              "status": "skipped"
            },
            "line": 14,
            "name": "user clicks on sign in with Email",
            "match": {
              "location": "com.stepdef.SignUpAndLogin.user_clicks_on_sign_in_with_email()"
            },
            "keyword": "And "
          },
          {
            "result": {
              "duration": 1000500,
              "status": "skipped"
            },
            "line": 15,
            "name": "user enter Email and password",
            "match": {
              "location": "com.stepdef.SignUpAndLogin.user_enter_email_and_password()"
            },
            "keyword": "And "
          },
          {
            "result": {
              "status": "skipped"
            },
            "line": 16,
            "name": "user clicks on SignIn",
            "match": {
              "location": "com.stepdef.SignUpAndLogin.user_clicks_on_sign_in()"
            },
            "keyword": "And "
          },
          {
            "result": {
              "status": "skipped"
            },
            "line": 17,
            "name": "user is on Home page an logged in",
            "match": {
              "location": "com.stepdef.SignUpAndLogin.user_is_on_home_page_an_logged_in()"
            },
            "keyword": "Then "
          }
        ]
      }
    ],
    "name": "Register and Login",
    "description": "",
    "id": "register-and-login",
    "keyword": "Feature",
    "uri": "file:features/SignUp%20and%20Login.feature",
    "tags": []
  }
]